2022-05-01 12:41:07,570 | INFO | Home security system started. Downloading informations from drive.
2022-05-01 12:41:07,783 | INFO | YOLOv5  v6.1-164-g177da7f torch 1.10.0+cu113 CUDA:0 (NVIDIA GeForce RTX 3070, 8192MiB)

2022-05-01 12:41:08,893 | INFO | Fusing layers... 
2022-05-01 12:41:10,842 | INFO | Model summary: 213 layers, 1761871 parameters, 0 gradients, 4.2 GFLOPs
2022-05-01 12:41:10,845 | INFO | Adding AutoShape... 
2022-05-01 12:41:10,986 | INFO | Trying to upload image faces/residents\Sevval_0.jpg. If there is a problem please delete this file.
2022-05-01 12:41:11,726 | INFO | Trying to upload image faces/residents\Sevval_1.jpg. If there is a problem please delete this file.
2022-05-01 12:41:11,738 | INFO | Trying to upload image faces/residents\Sevval_2.jpg. If there is a problem please delete this file.
2022-05-01 12:41:11,757 | INFO | Trying to upload image faces/residents\Sevval_3.jpg. If there is a problem please delete this file.
2022-05-01 12:41:11,802 | INFO | Trying to upload image faces/residents\Sevval_4.jpg. If there is a problem please delete this file.
2022-05-01 12:41:11,812 | INFO | Trying to upload image faces/residents\Sevval_5.jpg. If there is a problem please delete this file.
2022-05-01 12:41:11,827 | INFO | Trying to upload image faces/residents\Sevval_6.jpg. If there is a problem please delete this file.
2022-05-01 12:41:11,852 | INFO | Trying to upload image faces/residents\Sevval_7.jpg. If there is a problem please delete this file.
2022-05-01 12:41:11,875 | INFO | Trying to upload image faces/residents\Sevval_8.jpg. If there is a problem please delete this file.
2022-05-01 12:41:11,888 | INFO | Trying to upload image faces/residents\Sevval_9.jpg. If there is a problem please delete this file.
2022-05-01 12:41:11,907 | INFO | Trying to upload image faces/residents\Sezer_0.jpg. If there is a problem please delete this file.
2022-05-01 12:41:11,923 | INFO | Trying to upload image faces/residents\Sezer_1.jpg. If there is a problem please delete this file.
2022-05-01 12:41:11,933 | INFO | Trying to upload image faces/residents\Sezer_2.jpg. If there is a problem please delete this file.
2022-05-01 12:41:11,942 | INFO | Trying to upload image faces/residents\Sezer_3.jpg. If there is a problem please delete this file.
2022-05-01 12:41:11,959 | INFO | Trying to upload image faces/residents\Sezer_4.jpg. If there is a problem please delete this file.
2022-05-01 12:41:12,002 | INFO | Trying to upload image faces/residents\Sezer_7.jpg. If there is a problem please delete this file.
2022-05-01 12:41:12,048 | INFO | =====../face_videos/2_5FPS_TEST_SABOTAGED.mov========
2022-05-01 12:41:12,141 | INFO | {"Pet Detection": false, "Someone Here For a Long Time": false, "Someone in Forbidden Area": false, "Camera Sabotage": false}
2022-05-01 12:41:12,217 | INFO | {"Pet Detection": false, "Someone Here For a Long Time": false, "Someone in Forbidden Area": false, "Camera Sabotage": false}
2022-05-01 12:41:12,284 | INFO | {"Pet Detection": false, "Someone Here For a Long Time": false, "Someone in Forbidden Area": false, "Camera Sabotage": false}
2022-05-01 12:41:12,348 | INFO | {"Pet Detection": true, "Someone Here For a Long Time": false, "Someone in Forbidden Area": false, "Camera Sabotage": false}
2022-05-01 12:41:12,413 | INFO | {"Pet Detection": true, "Someone Here For a Long Time": false, "Someone in Forbidden Area": false, "Camera Sabotage": false}
2022-05-01 12:41:12,479 | INFO | {"Pet Detection": true, "Someone Here For a Long Time": false, "Someone in Forbidden Area": false, "Camera Sabotage": false}
2022-05-01 12:41:12,545 | INFO | {"Pet Detection": true, "Someone Here For a Long Time": false, "Someone in Forbidden Area": false, "Camera Sabotage": false}
2022-05-01 12:41:12,641 | INFO | {"Pet Detection": true, "Someone Here For a Long Time": false, "Someone in Forbidden Area": false, "Camera Sabotage": false}
2022-05-01 12:41:12,735 | INFO | {"Pet Detection": true, "Someone Here For a Long Time": false, "Someone in Forbidden Area": false, "Camera Sabotage": false}
2022-05-01 12:41:12,838 | INFO | {"Pet Detection": true, "Someone Here For a Long Time": false, "Someone in Forbidden Area": false, "Camera Sabotage": false}
2022-05-01 12:41:12,940 | INFO | {"Pet Detection": true, "Someone Here For a Long Time": false, "Someone in Forbidden Area": false, "Camera Sabotage": false}
2022-05-01 12:41:13,056 | INFO | {"Pet Detection": true, "Someone Here For a Long Time": false, "Someone in Forbidden Area": false, "Camera Sabotage": false}
2022-05-01 12:41:13,159 | INFO | {"Pet Detection": true, "Someone Here For a Long Time": false, "Someone in Forbidden Area": false, "Camera Sabotage": false}
2022-05-01 12:41:13,253 | INFO | {"Pet Detection": true, "Someone Here For a Long Time": false, "Someone in Forbidden Area": false, "Camera Sabotage": false}
2022-05-01 12:41:13,362 | INFO | {"Pet Detection": true, "Someone Here For a Long Time": false, "Someone in Forbidden Area": false, "Camera Sabotage": false}
2022-05-01 12:41:13,469 | INFO | {"Pet Detection": true, "Someone Here For a Long Time": false, "Someone in Forbidden Area": false, "Camera Sabotage": false}
2022-05-01 12:41:13,580 | INFO | {"Pet Detection": true, "Someone Here For a Long Time": false, "Someone in Forbidden Area": false, "Camera Sabotage": false}
2022-05-01 12:41:13,685 | INFO | {"Pet Detection": true, "Someone Here For a Long Time": false, "Someone in Forbidden Area": false, "Camera Sabotage": false}
2022-05-01 12:41:13,784 | INFO | {"Pet Detection": true, "Someone Here For a Long Time": false, "Someone in Forbidden Area": false, "Camera Sabotage": false}
2022-05-01 12:41:13,891 | INFO | {"Pet Detection": true, "Someone Here For a Long Time": false, "Someone in Forbidden Area": false, "Camera Sabotage": false}
2022-05-01 12:41:13,990 | INFO | {"Pet Detection": true, "Someone Here For a Long Time": false, "Someone in Forbidden Area": false, "Camera Sabotage": false}
2022-05-01 12:41:14,095 | INFO | {"Pet Detection": true, "Someone Here For a Long Time": false, "Someone in Forbidden Area": false, "Camera Sabotage": false}
2022-05-01 12:41:14,211 | INFO | {"Pet Detection": true, "Someone Here For a Long Time": false, "Someone in Forbidden Area": false, "Camera Sabotage": false}
2022-05-01 12:41:14,318 | INFO | {"Pet Detection": true, "Someone Here For a Long Time": false, "Someone in Forbidden Area": false, "Camera Sabotage": false}
2022-05-01 12:41:14,427 | INFO | {"Pet Detection": false, "Someone Here For a Long Time": false, "Someone in Forbidden Area": false, "Camera Sabotage": false}
2022-05-01 12:41:14,526 | INFO | {"Pet Detection": false, "Someone Here For a Long Time": false, "Someone in Forbidden Area": false, "Camera Sabotage": false}
2022-05-01 12:41:14,627 | INFO | {"Pet Detection": true, "Someone Here For a Long Time": false, "Someone in Forbidden Area": false, "Camera Sabotage": false}
2022-05-01 12:41:14,741 | INFO | {"Pet Detection": true, "Someone Here For a Long Time": false, "Someone in Forbidden Area": false, "Camera Sabotage": false}
2022-05-01 12:41:14,855 | INFO | {"Pet Detection": true, "Someone Here For a Long Time": false, "Someone in Forbidden Area": false, "Camera Sabotage": false}
2022-05-01 12:41:14,968 | INFO | {"Pet Detection": true, "Someone Here For a Long Time": false, "Someone in Forbidden Area": false, "Camera Sabotage": false}
2022-05-01 12:41:15,073 | INFO | {"Pet Detection": true, "Someone Here For a Long Time": false, "Someone in Forbidden Area": false, "Camera Sabotage": false}
2022-05-01 12:41:15,189 | INFO | {"Pet Detection": true, "Someone Here For a Long Time": false, "Someone in Forbidden Area": false, "Camera Sabotage": false}
2022-05-01 12:41:15,295 | INFO | {"Pet Detection": true, "Someone Here For a Long Time": false, "Someone in Forbidden Area": false, "Camera Sabotage": false}
2022-05-01 12:41:15,386 | INFO | {"Pet Detection": true, "Someone Here For a Long Time": false, "Someone in Forbidden Area": false, "Camera Sabotage": false}
2022-05-01 12:41:15,461 | INFO | {"Pet Detection": true, "Someone Here For a Long Time": false, "Someone in Forbidden Area": false, "Camera Sabotage": false}
2022-05-01 12:41:15,529 | INFO | {"Pet Detection": true, "Someone Here For a Long Time": false, "Someone in Forbidden Area": false, "Camera Sabotage": false}
2022-05-01 12:41:15,597 | INFO | {"Pet Detection": true, "Someone Here For a Long Time": false, "Someone in Forbidden Area": false, "Camera Sabotage": false}
2022-05-01 12:41:15,662 | INFO | {"Pet Detection": true, "Someone Here For a Long Time": false, "Someone in Forbidden Area": false, "Camera Sabotage": false}
2022-05-01 12:41:15,732 | INFO | {"Pet Detection": true, "Someone Here For a Long Time": false, "Someone in Forbidden Area": false, "Camera Sabotage": false}
2022-05-01 12:41:15,800 | INFO | {"Pet Detection": true, "Someone Here For a Long Time": false, "Someone in Forbidden Area": false, "Camera Sabotage": false}
2022-05-01 12:41:15,868 | INFO | {"Pet Detection": true, "Someone Here For a Long Time": false, "Someone in Forbidden Area": false, "Camera Sabotage": false}
2022-05-01 12:41:15,934 | INFO | {"Pet Detection": false, "Someone Here For a Long Time": false, "Someone in Forbidden Area": false, "Camera Sabotage": false}
2022-05-01 12:41:16,000 | INFO | {"Pet Detection": false, "Someone Here For a Long Time": false, "Someone in Forbidden Area": false, "Camera Sabotage": false}
2022-05-01 12:41:16,066 | INFO | {"Pet Detection": false, "Someone Here For a Long Time": false, "Someone in Forbidden Area": false, "Camera Sabotage": false}
2022-05-01 12:41:16,133 | INFO | {"Pet Detection": false, "Someone Here For a Long Time": false, "Someone in Forbidden Area": false, "Camera Sabotage": false}
2022-05-01 12:41:16,205 | INFO | {"Someone in Forbidden Area": true, "Pet Detection": false, "Someone Here For a Long Time": false, "Camera Sabotage": false}
2022-05-01 12:41:16,274 | INFO | {"Someone in Forbidden Area": true, "Pet Detection": false, "Someone Here For a Long Time": false, "Camera Sabotage": false}
2022-05-01 12:41:16,350 | INFO | {"Someone in Forbidden Area": true, "Pet Detection": false, "Someone Here For a Long Time": false, "Camera Sabotage": false}
2022-05-01 12:41:16,422 | INFO | {"Someone in Forbidden Area": true, "Pet Detection": false, "Someone Here For a Long Time": false, "Camera Sabotage": false}
2022-05-01 12:41:16,494 | INFO | {"Someone in Forbidden Area": true, "Pet Detection": false, "Someone Here For a Long Time": false, "Camera Sabotage": false}
2022-05-01 12:41:16,567 | INFO | {"Someone in Forbidden Area": true, "Pet Detection": false, "Someone Here For a Long Time": false, "Camera Sabotage": false}
2022-05-01 12:41:16,638 | INFO | {"Someone in Forbidden Area": true, "Pet Detection": false, "Someone Here For a Long Time": false, "Camera Sabotage": false}
2022-05-01 12:41:16,713 | INFO | {"Someone in Forbidden Area": true, "Pet Detection": false, "Someone Here For a Long Time": false, "Camera Sabotage": false}
2022-05-01 12:41:16,783 | INFO | {"Someone in Forbidden Area": true, "Pet Detection": false, "Someone Here For a Long Time": false, "Camera Sabotage": false}
2022-05-01 12:41:16,875 | INFO | {"Someone in Forbidden Area": true, "Pet Detection": false, "Someone Here For a Long Time": false, "Camera Sabotage": false}
2022-05-01 12:49:29,708 | INFO | Home security system started. Downloading informations from drive.
2022-05-01 12:49:51,387 | INFO | YOLOv5  v6.1-164-g177da7f torch 1.10.0+cu113 CUDA:0 (NVIDIA GeForce RTX 3070, 8192MiB)

2022-05-01 12:49:52,611 | INFO | Fusing layers... 
2022-05-01 12:49:54,864 | INFO | Model summary: 213 layers, 1761871 parameters, 0 gradients, 4.2 GFLOPs
2022-05-01 12:49:54,867 | INFO | Adding AutoShape... 
2022-05-01 12:49:55,021 | INFO | Trying to upload image faces/residents\Sevval_0.jpg. If there is a problem please delete this file.
2022-05-01 12:49:55,864 | INFO | Trying to upload image faces/residents\Sevval_1.jpg. If there is a problem please delete this file.
2022-05-01 12:49:55,908 | INFO | Trying to upload image faces/residents\Sevval_2.jpg. If there is a problem please delete this file.
2022-05-01 12:49:55,944 | INFO | Trying to upload image faces/residents\Sevval_3.jpg. If there is a problem please delete this file.
2022-05-01 12:49:56,000 | INFO | Trying to upload image faces/residents\Sevval_4.jpg. If there is a problem please delete this file.
2022-05-01 12:49:56,024 | INFO | Trying to upload image faces/residents\Sevval_5.jpg. If there is a problem please delete this file.
2022-05-01 12:49:56,061 | INFO | Trying to upload image faces/residents\Sevval_6.jpg. If there is a problem please delete this file.
2022-05-01 12:49:56,103 | INFO | Trying to upload image faces/residents\Sevval_7.jpg. If there is a problem please delete this file.
2022-05-01 12:49:56,135 | INFO | Trying to upload image faces/residents\Sevval_8.jpg. If there is a problem please delete this file.
2022-05-01 12:49:56,165 | INFO | Trying to upload image faces/residents\Sevval_9.jpg. If there is a problem please delete this file.
2022-05-01 12:49:56,198 | INFO | Trying to upload image faces/residents\Sezer_0.jpg. If there is a problem please delete this file.
2022-05-01 12:49:56,229 | INFO | Trying to upload image faces/residents\Sezer_1.jpg. If there is a problem please delete this file.
2022-05-01 12:49:56,248 | INFO | Trying to upload image faces/residents\Sezer_2.jpg. If there is a problem please delete this file.
2022-05-01 12:49:56,268 | INFO | Trying to upload image faces/residents\Sezer_3.jpg. If there is a problem please delete this file.
2022-05-01 12:49:56,300 | INFO | Trying to upload image faces/residents\Sezer_4.jpg. If there is a problem please delete this file.
2022-05-01 12:49:56,349 | INFO | Trying to upload image faces/residents\Sezer_7.jpg. If there is a problem please delete this file.
2022-05-01 12:49:56,396 | INFO | =====../face_videos/2_5FPS_TEST_SABOTAGED.mov========
2022-05-01 12:49:56,490 | INFO | {"Pet Detection": false, "Someone Here For a Long Time": false, "Someone in Forbidden Area": false, "Camera Sabotage": false}
2022-05-01 12:49:56,596 | INFO | {"Pet Detection": false, "Someone Here For a Long Time": false, "Someone in Forbidden Area": false, "Camera Sabotage": false}
2022-05-01 12:49:56,665 | INFO | {"Pet Detection": false, "Someone Here For a Long Time": false, "Someone in Forbidden Area": false, "Camera Sabotage": false}
2022-05-01 12:49:56,730 | INFO | {"Pet Detection": true, "Someone Here For a Long Time": false, "Someone in Forbidden Area": false, "Camera Sabotage": false}
2022-05-01 12:49:56,797 | INFO | {"Pet Detection": true, "Someone Here For a Long Time": false, "Someone in Forbidden Area": false, "Camera Sabotage": false}
2022-05-01 12:49:56,865 | INFO | {"Pet Detection": true, "Someone Here For a Long Time": false, "Someone in Forbidden Area": false, "Camera Sabotage": false}
2022-05-01 12:49:56,931 | INFO | {"Pet Detection": true, "Someone Here For a Long Time": false, "Someone in Forbidden Area": false, "Camera Sabotage": false}
2022-05-01 12:49:57,031 | INFO | {"Pet Detection": true, "Someone Here For a Long Time": false, "Someone in Forbidden Area": false, "Camera Sabotage": false}
2022-05-01 12:49:57,130 | INFO | {"Pet Detection": true, "Someone Here For a Long Time": false, "Someone in Forbidden Area": false, "Camera Sabotage": false}
2022-05-01 12:49:57,241 | INFO | {"Pet Detection": true, "Someone Here For a Long Time": false, "Someone in Forbidden Area": false, "Camera Sabotage": false}
2022-05-01 12:49:57,347 | INFO | {"Pet Detection": true, "Someone Here For a Long Time": false, "Someone in Forbidden Area": false, "Camera Sabotage": false}
2022-05-01 12:49:57,463 | INFO | {"Pet Detection": true, "Someone Here For a Long Time": false, "Someone in Forbidden Area": false, "Camera Sabotage": false}
2022-05-01 12:49:57,566 | INFO | {"Pet Detection": true, "Someone Here For a Long Time": false, "Someone in Forbidden Area": false, "Camera Sabotage": false}
2022-05-01 12:49:57,662 | INFO | {"Pet Detection": true, "Someone Here For a Long Time": false, "Someone in Forbidden Area": false, "Camera Sabotage": false}
2022-05-01 12:49:57,769 | INFO | {"Pet Detection": true, "Someone Here For a Long Time": false, "Someone in Forbidden Area": false, "Camera Sabotage": false}
2022-05-01 12:49:57,876 | INFO | {"Pet Detection": true, "Someone Here For a Long Time": false, "Someone in Forbidden Area": false, "Camera Sabotage": false}
2022-05-01 12:49:57,983 | INFO | {"Pet Detection": true, "Someone Here For a Long Time": false, "Someone in Forbidden Area": false, "Camera Sabotage": false}
2022-05-01 12:49:58,083 | INFO | {"Pet Detection": true, "Someone Here For a Long Time": false, "Someone in Forbidden Area": false, "Camera Sabotage": false}
2022-05-01 12:49:58,190 | INFO | {"Pet Detection": true, "Someone Here For a Long Time": false, "Someone in Forbidden Area": false, "Camera Sabotage": false}
2022-05-01 12:49:58,297 | INFO | {"Pet Detection": true, "Someone Here For a Long Time": false, "Someone in Forbidden Area": false, "Camera Sabotage": false}
2022-05-01 12:49:58,402 | INFO | {"Pet Detection": true, "Someone Here For a Long Time": false, "Someone in Forbidden Area": false, "Camera Sabotage": false}
2022-05-01 12:49:58,510 | INFO | {"Pet Detection": true, "Someone Here For a Long Time": false, "Someone in Forbidden Area": false, "Camera Sabotage": false}
2022-05-01 12:49:58,628 | INFO | {"Pet Detection": true, "Someone Here For a Long Time": false, "Someone in Forbidden Area": false, "Camera Sabotage": false}
2022-05-01 12:49:58,737 | INFO | {"Pet Detection": true, "Someone Here For a Long Time": false, "Someone in Forbidden Area": false, "Camera Sabotage": false}
2022-05-01 12:49:58,848 | INFO | {"Pet Detection": false, "Someone Here For a Long Time": false, "Someone in Forbidden Area": false, "Camera Sabotage": false}
2022-05-01 12:49:58,967 | INFO | {"Pet Detection": false, "Someone Here For a Long Time": false, "Someone in Forbidden Area": false, "Camera Sabotage": false}
2022-05-01 12:49:59,086 | INFO | {"Pet Detection": true, "Someone Here For a Long Time": false, "Someone in Forbidden Area": false, "Camera Sabotage": false}
2022-05-01 12:49:59,190 | INFO | {"Pet Detection": true, "Someone Here For a Long Time": false, "Someone in Forbidden Area": false, "Camera Sabotage": false}
2022-05-01 12:49:59,298 | INFO | {"Pet Detection": true, "Someone Here For a Long Time": false, "Someone in Forbidden Area": false, "Camera Sabotage": false}
2022-05-01 12:49:59,484 | INFO | {"Pet Detection": true, "Someone Here For a Long Time": false, "Someone in Forbidden Area": false, "Camera Sabotage": false}
2022-05-01 12:49:59,627 | INFO | {"Pet Detection": true, "Someone Here For a Long Time": false, "Someone in Forbidden Area": false, "Camera Sabotage": false}
2022-05-01 12:49:59,759 | INFO | {"Pet Detection": true, "Someone Here For a Long Time": false, "Someone in Forbidden Area": false, "Camera Sabotage": false}
2022-05-01 12:49:59,880 | INFO | {"Pet Detection": true, "Someone Here For a Long Time": false, "Someone in Forbidden Area": false, "Camera Sabotage": false}
2022-05-01 12:49:59,974 | INFO | {"Pet Detection": true, "Someone Here For a Long Time": false, "Someone in Forbidden Area": false, "Camera Sabotage": false}
2022-05-01 12:50:00,054 | INFO | {"Pet Detection": true, "Someone Here For a Long Time": false, "Someone in Forbidden Area": false, "Camera Sabotage": false}
2022-05-01 12:50:00,133 | INFO | {"Pet Detection": true, "Someone Here For a Long Time": false, "Someone in Forbidden Area": false, "Camera Sabotage": false}
2022-05-01 12:50:11,917 | INFO | Home security system started. Downloading informations from drive.
2022-05-01 12:50:41,448 | INFO | Home security system started. Downloading informations from drive.
2022-05-01 12:51:01,706 | INFO | Forbidden Area Added: POLYGON ((278 833, 998 10, 0 0, 278 833))
2022-05-01 12:51:01,707 | INFO | Forbidden Area Added: POLYGON ((1911 1073, 1356 3, 1912 3, 1911 1073))
2022-05-01 12:51:01,979 | INFO | YOLOv5  v6.1-164-g177da7f torch 1.10.0+cu113 CUDA:0 (NVIDIA GeForce RTX 3070, 8192MiB)

2022-05-01 12:51:03,171 | INFO | Fusing layers... 
2022-05-01 12:51:05,384 | INFO | Model summary: 213 layers, 1761871 parameters, 0 gradients, 4.2 GFLOPs
2022-05-01 12:51:05,387 | INFO | Adding AutoShape... 
2022-05-01 12:51:05,540 | INFO | Trying to upload image faces/residents\Sevval_0.jpg. If there is a problem please delete this file.
2022-05-01 12:51:06,388 | INFO | Trying to upload image faces/residents\Sevval_1.jpg. If there is a problem please delete this file.
2022-05-01 12:51:06,420 | INFO | Trying to upload image faces/residents\Sevval_2.jpg. If there is a problem please delete this file.
2022-05-01 12:51:06,463 | INFO | Trying to upload image faces/residents\Sevval_3.jpg. If there is a problem please delete this file.
2022-05-01 12:51:06,518 | INFO | Trying to upload image faces/residents\Sevval_4.jpg. If there is a problem please delete this file.
2022-05-01 12:51:06,544 | INFO | Trying to upload image faces/residents\Sevval_5.jpg. If there is a problem please delete this file.
2022-05-01 12:51:06,569 | INFO | Trying to upload image faces/residents\Sevval_6.jpg. If there is a problem please delete this file.
2022-05-01 12:51:06,609 | INFO | Trying to upload image faces/residents\Sevval_7.jpg. If there is a problem please delete this file.
2022-05-01 12:51:06,647 | INFO | Trying to upload image faces/residents\Sevval_8.jpg. If there is a problem please delete this file.
2022-05-01 12:51:06,676 | INFO | Trying to upload image faces/residents\Sevval_9.jpg. If there is a problem please delete this file.
2022-05-01 12:51:06,699 | INFO | Trying to upload image faces/residents\Sezer_0.jpg. If there is a problem please delete this file.
2022-05-01 12:51:06,724 | INFO | Trying to upload image faces/residents\Sezer_1.jpg. If there is a problem please delete this file.
2022-05-01 12:51:06,741 | INFO | Trying to upload image faces/residents\Sezer_2.jpg. If there is a problem please delete this file.
2022-05-01 12:51:06,757 | INFO | Trying to upload image faces/residents\Sezer_3.jpg. If there is a problem please delete this file.
2022-05-01 12:51:06,782 | INFO | Trying to upload image faces/residents\Sezer_4.jpg. If there is a problem please delete this file.
2022-05-01 12:51:06,830 | INFO | Trying to upload image faces/residents\Sezer_7.jpg. If there is a problem please delete this file.
2022-05-01 12:51:06,871 | INFO | =====../face_videos/2_5FPS_TEST_SABOTAGED.mov========
2022-05-01 12:51:06,960 | INFO | {"Pet Detection": false, "Someone Here For a Long Time": false, "Someone in Forbidden Area": false, "Camera Sabotage": false}
2022-05-01 12:51:07,086 | INFO | {"Pet Detection": false, "Someone Here For a Long Time": false, "Someone in Forbidden Area": false, "Camera Sabotage": false}
2022-05-01 12:51:07,154 | INFO | {"Pet Detection": false, "Someone Here For a Long Time": false, "Someone in Forbidden Area": false, "Camera Sabotage": false}
2022-05-01 12:51:07,220 | INFO | {"Pet Detection": true, "Someone Here For a Long Time": false, "Someone in Forbidden Area": false, "Camera Sabotage": false}
2022-05-01 12:51:07,286 | INFO | {"Pet Detection": true, "Someone Here For a Long Time": false, "Someone in Forbidden Area": false, "Camera Sabotage": false}
2022-05-01 12:51:07,354 | INFO | {"Pet Detection": true, "Someone Here For a Long Time": false, "Someone in Forbidden Area": false, "Camera Sabotage": false}
2022-05-01 12:51:07,421 | INFO | {"Pet Detection": true, "Someone Here For a Long Time": false, "Someone in Forbidden Area": false, "Camera Sabotage": false}
2022-05-01 12:51:07,521 | INFO | {"Pet Detection": true, "Someone Here For a Long Time": false, "Someone in Forbidden Area": false, "Camera Sabotage": false}
2022-05-01 12:51:07,622 | INFO | {"Pet Detection": true, "Someone Here For a Long Time": false, "Someone in Forbidden Area": false, "Camera Sabotage": false}
2022-05-01 12:51:07,733 | INFO | {"Pet Detection": true, "Someone Here For a Long Time": false, "Someone in Forbidden Area": false, "Camera Sabotage": false}
2022-05-01 12:51:07,846 | INFO | {"Pet Detection": true, "Someone Here For a Long Time": false, "Someone in Forbidden Area": false, "Camera Sabotage": false}
2022-05-01 12:51:07,967 | INFO | {"Pet Detection": true, "Someone Here For a Long Time": false, "Someone in Forbidden Area": false, "Camera Sabotage": false}
2022-05-01 12:51:08,070 | INFO | {"Pet Detection": true, "Someone Here For a Long Time": false, "Someone in Forbidden Area": false, "Camera Sabotage": false}
2022-05-01 12:51:08,181 | INFO | {"Pet Detection": true, "Someone Here For a Long Time": false, "Someone in Forbidden Area": false, "Camera Sabotage": false}
2022-05-01 12:51:08,291 | INFO | {"Pet Detection": true, "Someone Here For a Long Time": false, "Someone in Forbidden Area": false, "Camera Sabotage": false}
2022-05-01 12:51:08,401 | INFO | {"Pet Detection": true, "Someone Here For a Long Time": false, "Someone in Forbidden Area": false, "Camera Sabotage": false}
2022-05-01 12:51:08,519 | INFO | {"Pet Detection": true, "Someone Here For a Long Time": false, "Someone in Forbidden Area": false, "Camera Sabotage": false}
2022-05-01 12:51:08,637 | INFO | {"Pet Detection": true, "Someone Here For a Long Time": false, "Someone in Forbidden Area": false, "Camera Sabotage": false}
2022-05-01 12:51:08,760 | INFO | {"Pet Detection": true, "Someone Here For a Long Time": false, "Someone in Forbidden Area": false, "Camera Sabotage": false}
2022-05-01 12:51:08,914 | INFO | {"Pet Detection": true, "Someone Here For a Long Time": false, "Someone in Forbidden Area": false, "Camera Sabotage": false}
2022-05-01 12:51:09,033 | INFO | {"Pet Detection": true, "Someone Here For a Long Time": false, "Someone in Forbidden Area": false, "Camera Sabotage": false}
2022-05-01 12:51:09,164 | INFO | {"Pet Detection": true, "Someone Here For a Long Time": false, "Someone in Forbidden Area": false, "Camera Sabotage": false}
2022-05-01 12:51:09,301 | INFO | {"Pet Detection": true, "Someone Here For a Long Time": false, "Someone in Forbidden Area": false, "Camera Sabotage": false}
2022-05-01 12:51:09,414 | INFO | {"Pet Detection": true, "Someone Here For a Long Time": false, "Someone in Forbidden Area": false, "Camera Sabotage": false}
